{"/Users/STE94/Documents/Bootcamp/Week_1/ScooterHire/ChargeStation.js": {"path":"/Users/STE94/Documents/Bootcamp/Week_1/ScooterHire/ChargeStation.js","statementMap":{"0":{"start":{"line":5,"column":8},"end":{"line":5,"column":32}},"1":{"start":{"line":6,"column":8},"end":{"line":6,"column":26}},"2":{"start":{"line":12,"column":8},"end":{"line":19,"column":16}},"3":{"start":{"line":14,"column":8},"end":{"line":18,"column":14}},"4":{"start":{"line":15,"column":12},"end":{"line":15,"column":34}},"5":{"start":{"line":16,"column":12},"end":{"line":16,"column":40}},"6":{"start":{"line":17,"column":12},"end":{"line":17,"column":28}},"7":{"start":{"line":27,"column":0},"end":{"line":27,"column":30}}},"fnMap":{"0":{"name":"(anonymous_0)","decl":{"start":{"line":4,"column":4},"end":{"line":4,"column":5}},"loc":{"start":{"line":4,"column":25},"end":{"line":7,"column":5}},"line":4},"1":{"name":"(anonymous_1)","decl":{"start":{"line":11,"column":4},"end":{"line":11,"column":5}},"loc":{"start":{"line":11,"column":32},"end":{"line":22,"column":5}},"line":11},"2":{"name":"(anonymous_2)","decl":{"start":{"line":12,"column":27},"end":{"line":12,"column":28}},"loc":{"start":{"line":12,"column":45},"end":{"line":19,"column":9}},"line":12},"3":{"name":"(anonymous_3)","decl":{"start":{"line":14,"column":19},"end":{"line":14,"column":20}},"loc":{"start":{"line":14,"column":25},"end":{"line":18,"column":13}},"line":14}},"branchMap":{},"s":{"0":7,"1":7,"2":5,"3":5,"4":5,"5":5,"6":5,"7":1},"f":{"0":7,"1":5,"2":5,"3":5},"b":{},"_coverageSchema":"1a1c01bbd47fc00a2c39e90264f33305004495a9","hash":"b954ddfd2a56e3d1965db12061ca9704d627c99f"}
,"/Users/STE94/Documents/Bootcamp/Week_1/ScooterHire/Person.js": {"path":"/Users/STE94/Documents/Bootcamp/Week_1/ScooterHire/Person.js","statementMap":{"0":{"start":{"line":3,"column":8},"end":{"line":3,"column":24}},"1":{"start":{"line":9,"column":8},"end":{"line":9,"column":109}},"2":{"start":{"line":9,"column":32},"end":{"line":9,"column":109}},"3":{"start":{"line":10,"column":18},"end":{"line":10,"column":68}},"4":{"start":{"line":10,"column":54},"end":{"line":10,"column":67}},"5":{"start":{"line":11,"column":8},"end":{"line":11,"column":42}},"6":{"start":{"line":14,"column":8},"end":{"line":14,"column":27}},"7":{"start":{"line":19,"column":0},"end":{"line":19,"column":23}}},"fnMap":{"0":{"name":"(anonymous_0)","decl":{"start":{"line":2,"column":4},"end":{"line":2,"column":5}},"loc":{"start":{"line":2,"column":21},"end":{"line":4,"column":5}},"line":2},"1":{"name":"(anonymous_1)","decl":{"start":{"line":6,"column":4},"end":{"line":6,"column":5}},"loc":{"start":{"line":6,"column":36},"end":{"line":16,"column":5}},"line":6},"2":{"name":"(anonymous_2)","decl":{"start":{"line":10,"column":49},"end":{"line":10,"column":50}},"loc":{"start":{"line":10,"column":54},"end":{"line":10,"column":67}},"line":10}},"branchMap":{"0":{"loc":{"start":{"line":9,"column":8},"end":{"line":9,"column":109}},"type":"if","locations":[{"start":{"line":9,"column":8},"end":{"line":9,"column":109}},{"start":{"line":9,"column":8},"end":{"line":9,"column":109}}],"line":9}},"s":{"0":5,"1":5,"2":1,"3":4,"4":3,"5":4,"6":4,"7":1},"f":{"0":5,"1":5,"2":3},"b":{"0":[1,4]},"_coverageSchema":"1a1c01bbd47fc00a2c39e90264f33305004495a9","hash":"0cfe31133d6c2c78874d99c2aaa5d64bf116f472"}
,"/Users/STE94/Documents/Bootcamp/Week_1/ScooterHire/Scooter.js": {"path":"/Users/STE94/Documents/Bootcamp/Week_1/ScooterHire/Scooter.js","statementMap":{"0":{"start":{"line":3,"column":8},"end":{"line":3,"column":24}},"1":{"start":{"line":4,"column":8},"end":{"line":4,"column":26}},"2":{"start":{"line":5,"column":8},"end":{"line":5,"column":24}},"3":{"start":{"line":10,"column":0},"end":{"line":10,"column":24}}},"fnMap":{"0":{"name":"(anonymous_0)","decl":{"start":{"line":2,"column":4},"end":{"line":2,"column":5}},"loc":{"start":{"line":2,"column":21},"end":{"line":6,"column":5}},"line":2}},"branchMap":{},"s":{"0":8,"1":8,"2":8,"3":1},"f":{"0":8},"b":{},"_coverageSchema":"1a1c01bbd47fc00a2c39e90264f33305004495a9","hash":"abd4e4b0eeefde15b1fde4cf878e35361fca8bec"}
}
