TN:
SF:ChargeStation.js
FN:4,(anonymous_0)
FN:11,(anonymous_1)
FN:12,(anonymous_2)
FN:14,(anonymous_3)
FNF:4
FNH:4
FNDA:7,(anonymous_0)
FNDA:5,(anonymous_1)
FNDA:5,(anonymous_2)
FNDA:5,(anonymous_3)
DA:5,7
DA:6,7
DA:12,5
DA:14,5
DA:15,5
DA:16,5
DA:17,5
DA:27,1
LF:8
LH:8
BRF:0
BRH:0
end_of_record
TN:
SF:Person.js
FN:2,(anonymous_0)
FN:6,(anonymous_1)
FN:10,(anonymous_2)
FNF:3
FNH:3
FNDA:5,(anonymous_0)
FNDA:5,(anonymous_1)
FNDA:3,(anonymous_2)
DA:3,5
DA:9,5
DA:10,4
DA:11,4
DA:14,4
DA:19,1
LF:6
LH:6
BRDA:9,0,0,1
BRDA:9,0,1,4
BRF:2
BRH:2
end_of_record
TN:
SF:Scooter.js
FN:2,(anonymous_0)
FNF:1
FNH:1
FNDA:8,(anonymous_0)
DA:3,8
DA:4,8
DA:5,8
DA:10,1
LF:4
LH:4
BRF:0
BRH:0
end_of_record
